<?xml version="1.0" encoding="UTF-8"?>
<testng-results ignored="0" total="10" passed="10" failed="0" skipped="0">
  <reporter-output>
  </reporter-output>
  <suite started-at="2022-09-03T23:26:13 IST" name="Default suite" finished-at="2022-09-03T23:26:13 IST" duration-ms="64">
    <groups>
    </groups>
    <test started-at="2022-09-03T23:26:13 IST" name="Default test" finished-at="2022-09-03T23:26:13 IST" duration-ms="64">
      <class name="TestNG.P2">
        <test-method signature="cat()[pri:-3, instance:TestNG.P2@63a65a25]" started-at="2022-09-03T23:26:13 IST" name="cat" finished-at="2022-09-03T23:26:13 IST" duration-ms="6" status="PASS">
          <reporter-output>
          </reporter-output>
        </test-method> <!-- cat -->
        <test-method signature="cat()[pri:-3, instance:TestNG.P2@63a65a25]" started-at="2022-09-03T23:26:13 IST" name="cat" finished-at="2022-09-03T23:26:13 IST" duration-ms="1" status="PASS">
          <reporter-output>
          </reporter-output>
        </test-method> <!-- cat -->
        <test-method signature="crow()[pri:1, instance:TestNG.P2@63a65a25]" started-at="2022-09-03T23:26:13 IST" name="crow" finished-at="2022-09-03T23:26:13 IST" duration-ms="1" status="PASS">
          <reporter-output>
          </reporter-output>
        </test-method> <!-- crow -->
        <test-method signature="crow()[pri:1, instance:TestNG.P2@63a65a25]" started-at="2022-09-03T23:26:13 IST" name="crow" finished-at="2022-09-03T23:26:13 IST" duration-ms="2" status="PASS">
          <reporter-output>
          </reporter-output>
        </test-method> <!-- crow -->
        <test-method signature="crow()[pri:1, instance:TestNG.P2@63a65a25]" started-at="2022-09-03T23:26:13 IST" name="crow" finished-at="2022-09-03T23:26:13 IST" duration-ms="1" status="PASS">
          <reporter-output>
          </reporter-output>
        </test-method> <!-- crow -->
        <test-method signature="dog()[pri:2, instance:TestNG.P2@63a65a25]" started-at="2022-09-03T23:26:13 IST" name="dog" finished-at="2022-09-03T23:26:13 IST" duration-ms="1" status="PASS">
          <reporter-output>
          </reporter-output>
        </test-method> <!-- dog -->
        <test-method signature="dog()[pri:2, instance:TestNG.P2@63a65a25]" started-at="2022-09-03T23:26:13 IST" name="dog" finished-at="2022-09-03T23:26:13 IST" duration-ms="3" status="PASS">
          <reporter-output>
          </reporter-output>
        </test-method> <!-- dog -->
        <test-method signature="dog()[pri:2, instance:TestNG.P2@63a65a25]" started-at="2022-09-03T23:26:13 IST" name="dog" finished-at="2022-09-03T23:26:13 IST" duration-ms="1" status="PASS">
          <reporter-output>
          </reporter-output>
        </test-method> <!-- dog -->
        <test-method signature="dog()[pri:2, instance:TestNG.P2@63a65a25]" started-at="2022-09-03T23:26:13 IST" name="dog" finished-at="2022-09-03T23:26:13 IST" duration-ms="2" status="PASS">
          <reporter-output>
          </reporter-output>
        </test-method> <!-- dog -->
        <test-method signature="dog()[pri:2, instance:TestNG.P2@63a65a25]" started-at="2022-09-03T23:26:13 IST" name="dog" finished-at="2022-09-03T23:26:13 IST" duration-ms="1" status="PASS">
          <reporter-output>
          </reporter-output>
        </test-method> <!-- dog -->
      </class> <!-- TestNG.P2 -->
    </test> <!-- Default test -->
  </suite> <!-- Default suite -->
</testng-results>
