<?xml version="1.0" encoding="UTF-8"?>
<!-- Generated by org.testng.reporters.JUnitXMLReporter -->
<testsuite ignored="0" hostname="DESKTOP-M2MC62A" failures="0" tests="10" name="Default test" time="0.072" errors="0" timestamp="2022-09-04T23:16:09 IST">
  <testcase classname="TestNG_Framework.P2" name="cat" time="0.009"/>
  <testcase classname="TestNG_Framework.P2" name="cat" time="0.001"/>
  <testcase classname="TestNG_Framework.P2" name="crow" time="0.001"/>
  <testcase classname="TestNG_Framework.P2" name="crow" time="0.001"/>
  <testcase classname="TestNG_Framework.P2" name="crow" time="0.002"/>
  <testcase classname="TestNG_Framework.P2" name="dog" time="0.001"/>
  <testcase classname="TestNG_Framework.P2" name="dog" time="0.001"/>
  <testcase classname="TestNG_Framework.P2" name="dog" time="0.001"/>
  <testcase classname="TestNG_Framework.P2" name="dog" time="0.001"/>
  <testcase classname="TestNG_Framework.P2" name="dog" time="0.002"/>
</testsuite> <!-- Default test -->
