<?xml version="1.0" encoding="UTF-8"?>
<!-- Generated by org.testng.reporters.JUnitXMLReporter -->
<testsuite ignored="0" hostname="DESKTOP-M2MC62A" failures="0" tests="3" name="Default test" time="19.589" errors="0" timestamp="2022-09-04T23:54:18 IST">
  <testcase classname="TestNG_Framework.MouseHoverAction" name="openApp" time="1.895"/>
  <testcase classname="TestNG_Framework.MouseHoverAction" name="testApp" time="15.225"/>
  <testcase classname="TestNG_Framework.MouseHoverAction" name="closeApp" time="2.427"/>
</testsuite> <!-- Default test -->
