<?xml version="1.0" encoding="UTF-8"?>
<!-- Generated by org.testng.reporters.JUnitXMLReporter -->
<testsuite ignored="0" hostname="DESKTOP-M2MC62A" failures="0" tests="13" name="Test" time="0.082" errors="0" timestamp="2022-09-04T23:23:38 IST">
  <testcase classname="TestNG_Framework.P2" name="cat" time="0.008"/>
  <testcase classname="TestNG_Framework.P2" name="cat" time="0.003"/>
  <testcase classname="TestNG_Framework.P2" name="crow" time="0.001"/>
  <testcase classname="TestNG_Framework.P2" name="crow" time="0.002"/>
  <testcase classname="TestNG_Framework.P2" name="crow" time="0.003"/>
  <testcase classname="TestNG_Framework.P2" name="dog" time="0.002"/>
  <testcase classname="TestNG_Framework.P2" name="dog" time="0.001"/>
  <testcase classname="TestNG_Framework.P2" name="dog" time="0.001"/>
  <testcase classname="TestNG_Framework.P2" name="dog" time="0.001"/>
  <testcase classname="TestNG_Framework.P2" name="dog" time="0.001"/>
  <testcase classname="TestNG_Framework.P1" name="apple" time="0.002"/>
  <testcase classname="TestNG_Framework.P1" name="banana" time="0.002"/>
  <testcase classname="TestNG_Framework.P1" name="chickoo" time="0.001"/>
</testsuite> <!-- Test -->
