<?xml version="1.0" encoding="UTF-8"?>
<!-- Generated by org.testng.reporters.JUnitXMLReporter -->
<testsuite ignored="0" hostname="DESKTOP-M2MC62A" failures="0" tests="16" name="Test1" time="33.08" errors="0" timestamp="2022-09-06T00:01:55 IST">
  <testcase classname="TestNG_Framework.P2" name="cat" time="0.007"/>
  <testcase classname="TestNG_Framework.P2" name="cat" time="0.003"/>
  <testcase classname="TestNG_Framework.P2" name="crow" time="0.001"/>
  <testcase classname="TestNG_Framework.P2" name="crow" time="0.003"/>
  <testcase classname="TestNG_Framework.P2" name="crow" time="0.004"/>
  <testcase classname="TestNG_Framework.P2" name="dog" time="0.002"/>
  <testcase classname="TestNG_Framework.P2" name="dog" time="0.001"/>
  <testcase classname="TestNG_Framework.P2" name="dog" time="0.001"/>
  <testcase classname="TestNG_Framework.P2" name="dog" time="0.001"/>
  <testcase classname="TestNG_Framework.P2" name="dog" time="0.001"/>
  <testcase classname="TestNG_Framework.MouseHoverAction" name="openApp" time="2.034"/>
  <testcase classname="TestNG_Framework.MouseHoverAction" name="testApp" time="30.79"/>
  <testcase classname="TestNG_Framework.MouseHoverAction" name="closeApp" time="0.154"/>
  <testcase classname="TestNG_Framework.P1" name="apple" time="0.002"/>
  <testcase classname="TestNG_Framework.P1" name="banana" time="0.001"/>
  <testcase classname="TestNG_Framework.P1" name="chickoo" time="0.0"/>
</testsuite> <!-- Test1 -->
