<?xml version="1.0" encoding="UTF-8"?>
<!-- Generated by org.testng.reporters.JUnitReportReporter -->
<testsuite hostname="DESKTOP-M2MC62A" failures="0" tests="2" name="TestNG_Framework.P5" time="35.352" errors="0" timestamp="2022-09-06T00:47:49 IST" skipped="0">
  <testcase classname="TestNG_Framework.P5" name="testGoogle" time="23.940"/>
  <system-out>
    <![CDATA[Title Google
URL https://www.google.com/?gws_rd=ssl]]>
  </system-out>
  <testcase classname="TestNG_Framework.P5" name="testFacebook" time="11.412"/>
  <system-out>
    <![CDATA[Title Facebook – log in or sign up
URL https://www.facebook.com/]]>
  </system-out>
</testsuite> <!-- TestNG_Framework.P5 -->
