<?xml version="1.0" encoding="UTF-8"?>
<testng-results ignored="0" total="1" passed="1" failed="0" skipped="0">
  <reporter-output>
  </reporter-output>
  <suite started-at="2022-09-30T23:19:15 IST" name="Default suite" finished-at="2022-09-30T23:19:32 IST" duration-ms="16983">
    <groups>
    </groups>
    <test started-at="2022-09-30T23:19:15 IST" name="Default test" finished-at="2022-09-30T23:19:32 IST" duration-ms="16983">
      <class name="TestNG_Framework.P7">
        <test-method is-config="true" signature="openApp()[pri:0, instance:TestNG_Framework.P7@703580bf]" started-at="2022-09-30T23:19:15 IST" name="openApp" finished-at="2022-09-30T23:19:17 IST" duration-ms="1801" status="PASS">
          <reporter-output>
          </reporter-output>
        </test-method> <!-- openApp -->
        <test-method signature="test_fail_actiTime()[pri:0, instance:TestNG_Framework.P7@703580bf]" started-at="2022-09-30T23:19:17 IST" name="test_fail_actiTime" finished-at="2022-09-30T23:19:30 IST" duration-ms="12691" status="PASS">
          <reporter-output>
          </reporter-output>
        </test-method> <!-- test_fail_actiTime -->
        <test-method is-config="true" signature="closeApp()[pri:0, instance:TestNG_Framework.P7@703580bf]" started-at="2022-09-30T23:19:30 IST" name="closeApp" finished-at="2022-09-30T23:19:32 IST" duration-ms="2460" status="PASS">
          <reporter-output>
          </reporter-output>
        </test-method> <!-- closeApp -->
      </class> <!-- TestNG_Framework.P7 -->
    </test> <!-- Default test -->
  </suite> <!-- Default suite -->
</testng-results>
